Track Data Log - Started at 2025-11-19 10:18:16
Connecting to 162.33.236.188:29982...
============================================================

Connected successfully!
Receiving and decoding track data...


================================================================================
TRACK PACKET #1
================================================================================
packet_sync: <tracks>
n_bytes: 728
version: 1.2.0
reserved_00: 0x00
radar_id: 3355473881
packet_type: 1
state: 0
reserved_01: 0x00
lifetime: 0
confidence_level: 0.0000
informed_track_update_count: 0
reserved_02: 0x00000000
id: 6
track_UUID: 00000000000000000000000000000000
handoff_UUID: 00000000000000000000000000000000
track_merge_UUID: 00000000000000000000000000000000
xyz_pos_est: [0.000, 0.000, 0.000] m
xyz_vel_est: [0.000, 0.000, 0.000] m/s
ecef_pos_est: [0.000, 0.000, 0.000] m
ecef_vel_est: [0.000, 0.000, 0.000] m/s
enu_pos_est: [0.000, 0.000, 0.000] m
enu_vel_est: [0.000, 0.000, 0.000] m/s
rcs_est: 0.0000 dBsm
rcs_est_std: 0.0000
track_formation_source: 0
track_cause_of_death: 0
track_is_focused: 0
reserved_03: 0x00
last_update_time: 0
last_assoc_time: 0
acquired_time: 0
agl_est: 605474067002851065856.000 m
prob_aircraft: 0.0000
prob_bird: 0.0000
prob_clutter: 0.0000
prob_human: 0.0000
prob_uav_fixedwing: 0.0000
prob_uav_multirotor: 0.0000
prob_vehicle: 0.0000
reserved_04: 0x00000000
ecef_state_covariance: [6x6 matrix with 36 elements]
reserved_05: 0x00000000
n_outstanding_track_beams: 0
n_outstanding_clf_beams: 0
n_assoc_meas_ids: 0
n_assoc_cookie_ids: 0
assoc_meas_mean_adjusted_rcs: 0.0000
assoc_meas_chi2: 0.0000
assoc_meas_ids: []
outstanding_clf_beams_ids: []
last_clf_beam_time: 0
outstanding_track_beams_ids: []
last_track_beam_time: 0
assoc_cookie_ids: []
reserved_06: 0000000000000000000000000000000000000000...
================================================================================


================================================================================
TRACK PACKET #2
================================================================================
packet_sync: <tracks>
n_bytes: 728
version: 1.2.0
reserved_00: 0x00
radar_id: 3355473881
packet_type: 513
state: 0
reserved_01: 0x00
lifetime: 0
confidence_level: 0.0000
informed_track_update_count: 1120403456
reserved_02: 0x000001B3
id: 6
track_UUID: 00000000a134000000000000f281baba
handoff_UUID: bdc14514b64e0fe20924244000000000
track_merge_UUID: 00000000000000000000000000000000
xyz_pos_est: [0.000, 0.000, 0.000] m
xyz_vel_est: [-592.879, -96.597, 977.533] m/s
ecef_pos_est: [0.658, -0.012, 0.600] m
ecef_vel_est: [-390309418645015448846540245827584.000, -12.092, 5383025664.000] m/s
enu_pos_est: [-12.735, -0.000, 13.120] m
enu_vel_est: [-0.845, -0.129, -0.249] m/s
rcs_est: -875.2438 dBsm
rcs_est_std: 707.1078
track_formation_source: 109
track_cause_of_death: 101
track_is_focused: 96
reserved_03: 0x43
last_update_time: 13768878732786099636
last_assoc_time: 13964232607958105111
acquired_time: 1068837926
agl_est: 605474067002851065856.000 m
prob_aircraft: 0.0000
prob_bird: 10850420736.0000
prob_clutter: 0.0000
prob_human: 0.0000
prob_uav_fixedwing: 0.0000
prob_uav_multirotor: 245.9520
prob_vehicle: 0.0000
reserved_04: 0x3739DE26
ecef_state_covariance: [6x6 matrix with 36 elements]
reserved_05: 0x00000000
n_outstanding_track_beams: 0
n_outstanding_clf_beams: 0
n_assoc_meas_ids: 0
n_assoc_cookie_ids: 0
assoc_meas_mean_adjusted_rcs: 0.0000
assoc_meas_chi2: 0.0000
assoc_meas_ids: []
outstanding_clf_beams_ids: []
last_clf_beam_time: 0
outstanding_track_beams_ids: []
last_track_beam_time: 0
assoc_cookie_ids: []
reserved_06: 0000000000000000000000000000000000000000...
================================================================================


================================================================================
TRACK PACKET #3
================================================================================
packet_sync: <tracks>
n_bytes: 728
version: 1.2.0
reserved_00: 0x00
radar_id: 3355473881
packet_type: 513
state: 0
reserved_01: 0x00
lifetime: 0
confidence_level: 0.0000
informed_track_update_count: 1117003976
reserved_02: 0x00000059
id: 6
track_UUID: 00000000cf34000000000000434cfc65
handoff_UUID: db8c45adabf71e8aac9fcc2500000000
track_merge_UUID: 00000000000000000000000000000000
xyz_pos_est: [0.000, 0.000, 0.000] m
xyz_vel_est: [876.137, 250.403, 1591.335] m/s
ecef_pos_est: [20.209, 1.506, -2.326] m
ecef_vel_est: [-0.000, -12.093, -0.000] m/s
enu_pos_est: [-12.735, 249600278528.000, 13.119] m
enu_vel_est: [-8.161, -13.357, -13.079] m/s
rcs_est: -1515.7548 dBsm
rcs_est_std: -688.9243
track_formation_source: 174
track_cause_of_death: 29
track_is_focused: 64
reserved_03: 0x44
last_update_time: 13953005030871525204
last_assoc_time: 13972376269696487769
acquired_time: 1083640181
agl_est: 605474067002851065856.000 m
prob_aircraft: 0.0000
prob_bird: -0.0000
prob_clutter: 0.0000
prob_human: -0.0000
prob_uav_fixedwing: 0.0000
prob_uav_multirotor: 808.1588
prob_vehicle: 0.0000
reserved_04: 0x3F7FFB60
ecef_state_covariance: [6x6 matrix with 36 elements]
reserved_05: 0x00000000
n_outstanding_track_beams: 0
n_outstanding_clf_beams: 0
n_assoc_meas_ids: 0
n_assoc_cookie_ids: 0
assoc_meas_mean_adjusted_rcs: 0.0000
assoc_meas_chi2: 0.0000
assoc_meas_ids: []
outstanding_clf_beams_ids: []
last_clf_beam_time: 0
outstanding_track_beams_ids: []
last_track_beam_time: 0
assoc_cookie_ids: []
reserved_06: 0000000000000000000000000000000000000000...
================================================================================


================================================================================
TRACK PACKET #4
================================================================================
packet_sync: <tracks>
n_bytes: 728
version: 1.2.0
reserved_00: 0x00
radar_id: 3355473881
packet_type: 513
state: 0
reserved_01: 0x00
lifetime: 0
confidence_level: 0.0000
informed_track_update_count: 1120403456
reserved_02: 0x00000085
id: 6
track_UUID: 00000000f5340000000000002db925cd
handoff_UUID: 7eef421fbe30b5cbfb95f7f800000000
track_merge_UUID: 00000000000000000000000000000000
xyz_pos_est: [0.000, 0.000, 0.000] m
xyz_vel_est: [373.263, -27.558, 378.655] m/s
ecef_pos_est: [9.523, 3.226, -6.007] m
ecef_vel_est: [0.000, -12.092, -0.000] m/s
enu_pos_est: [-12.735, 340606127936897024.000, 13.119] m
enu_vel_est: [0.214, -10.031, -6.043] m/s
rcs_est: -409.3049 dBsm
rcs_est_std: -324.7925
track_formation_source: 162
track_cause_of_death: 99
track_is_focused: 204
reserved_03: 0x42
last_update_time: 13917301569074808636
last_assoc_time: 13979467552763749938
acquired_time: 1084162787
agl_est: 605474067002851065856.000 m
prob_aircraft: 0.0000
prob_bird: 159203734604218368.0000
prob_clutter: 0.0000
prob_human: 0.0000
prob_uav_fixedwing: 0.0000
prob_uav_multirotor: 80.7705
prob_vehicle: 0.0000
reserved_04: 0x3F7FFFA2
ecef_state_covariance: [6x6 matrix with 36 elements]
reserved_05: 0x00000000
n_outstanding_track_beams: 0
n_outstanding_clf_beams: 0
n_assoc_meas_ids: 0
n_assoc_cookie_ids: 0
assoc_meas_mean_adjusted_rcs: 0.0000
assoc_meas_chi2: 0.0000
assoc_meas_ids: []
outstanding_clf_beams_ids: []
last_clf_beam_time: 0
outstanding_track_beams_ids: []
last_track_beam_time: 0
assoc_cookie_ids: []
reserved_06: 0000000000000000000000000000000000000000...
================================================================================


================================================================================
TRACK PACKET #5
================================================================================
packet_sync: <tracks>
n_bytes: 728
version: 1.2.0
reserved_00: 0x00
radar_id: 3355473881
packet_type: 513
state: 0
reserved_01: 0x00
lifetime: 0
confidence_level: 0.0000
informed_track_update_count: 1120403456
reserved_02: 0x00000026
id: 6
track_UUID: 00000000003500000000000077e2660c
handoff_UUID: 9b4a4b7da50126ee058bb32b00000000
track_merge_UUID: 00000000000000000000000000000000
xyz_pos_est: [0.000, 0.000, 0.000] m
xyz_vel_est: [-764.997, -334.379, 1444.618] m/s
ecef_pos_est: [1.651, 0.353, 0.783] m
ecef_vel_est: [0.000, -12.093, -121495112122368.000] m/s
enu_pos_est: [-12.735, 5138215361662154702848.000, 13.120] m
enu_vel_est: [-1.525, -0.884, -0.598] m/s
rcs_est: -1369.7766 dBsm
rcs_est_std: 940.5488
track_formation_source: 121
track_cause_of_death: 194
track_is_focused: 23
reserved_03: 0x43
last_update_time: 13819106180587439774
last_assoc_time: 13975206245118480342
acquired_time: 1081345955
agl_est: 605474067002851065856.000 m
prob_aircraft: 0.0000
prob_bird: 41650223054848.0000
prob_clutter: 0.0000
prob_human: 28.6986
prob_uav_fixedwing: 0.0000
prob_uav_multirotor: 191.2455
prob_vehicle: 0.0000
reserved_04: 0x3CA1A0C7
ecef_state_covariance: [6x6 matrix with 36 elements]
reserved_05: 0x00000000
n_outstanding_track_beams: 0
n_outstanding_clf_beams: 0
n_assoc_meas_ids: 0
n_assoc_cookie_ids: 0
assoc_meas_mean_adjusted_rcs: 0.0000
assoc_meas_chi2: 0.0000
assoc_meas_ids: []
outstanding_clf_beams_ids: []
last_clf_beam_time: 0
outstanding_track_beams_ids: []
last_track_beam_time: 0
assoc_cookie_ids: []
reserved_06: 0000000000000000000000000000000000000000...
================================================================================


Reached maximum packet limit (5). Stopping.

Socket closed.
Log ended at 2025-11-19 10:18:16
